The system is: Windows - 10.0.19041 - AMD64
Compiling the C compiler identification source file "CMakeCCompilerId.c" succeeded.
Compiler: C:/Program Files (x86)/Microsoft Visual Studio/2017/BuildTools/VC/Tools/MSVC/14.16.27023/bin/Hostx86/x86/cl.exe 
Build flags: 
Id flags:  

The output was:
0
Compilateur d'optimisation Microsoft (R) C/C++ version 19.16.27043 pour x86
Copyright (C) Microsoft Corporation. Tous droits réservés.

CMakeCCompilerId.c
Microsoft (R) Incremental Linker Version 14.16.27043.0
Copyright (C) Microsoft Corporation.  All rights reserved.

/out:CMakeCCompilerId.exe 
CMakeCCompilerId.obj 


Compilation of the C compiler identification source "CMakeCCompilerId.c" produced "CMakeCCompilerId.exe"

Compilation of the C compiler identification source "CMakeCCompilerId.c" produced "CMakeCCompilerId.obj"

The C compiler identification is MSVC, found in "D:/Documents/Cours/UTT/TC03/NF05/Projet/Cryptographer/cmake-build-debug/CMakeFiles/3.17.3/CompilerIdC/CMakeCCompilerId.exe"

Determining if the C compiler works passed with the following output:
Change Dir: D:/Documents/Cours/UTT/TC03/NF05/Projet/Cryptographer/cmake-build-debug/CMakeFiles/CMakeTmp

Run Build Command(s):nmake /nologo cmTC_6ddfb\fast && 	"C:\Program Files (x86)\Microsoft Visual Studio\2017\BuildTools\VC\Tools\MSVC\14.16.27023\bin\HostX86\x86\nmake.exe"  -f CMakeFiles\cmTC_6ddfb.dir\build.make /nologo -L                  CMakeFiles\cmTC_6ddfb.dir\build
Building C object CMakeFiles/cmTC_6ddfb.dir/testCCompiler.c.obj
	C:\PROGRA~2\MICROS~4\2017\BUILDT~1\VC\Tools\MSVC\1416~1.270\bin\Hostx86\x86\cl.exe @C:\Users\valen\AppData\Local\Temp\nmFDEF.tmp
testCCompiler.c
Linking C executable cmTC_6ddfb.exe
	C:\Users\valen\AppData\Local\JetBrains\Toolbox\apps\CLion\ch-0\202.7319.62\bin\cmake\win\bin\cmake.exe -E vs_link_exe --intdir=CMakeFiles\cmTC_6ddfb.dir --rc=C:\PROGRA~2\WI3CF2~1\10\bin\100177~1.0\x86\rc.exe --mt=C:\PROGRA~2\WI3CF2~1\10\bin\100177~1.0\x86\mt.exe --manifests  -- C:\PROGRA~2\MICROS~4\2017\BUILDT~1\VC\Tools\MSVC\1416~1.270\bin\Hostx86\x86\link.exe /nologo @CMakeFiles\cmTC_6ddfb.dir\objects1.rsp @C:\Users\valen\AppData\Local\Temp\nmFE3E.tmp



Detecting C compiler ABI info compiled with the following output:
Change Dir: D:/Documents/Cours/UTT/TC03/NF05/Projet/Cryptographer/cmake-build-debug/CMakeFiles/CMakeTmp

Run Build Command(s):nmake /nologo cmTC_4f96c\fast && 	"C:\Program Files (x86)\Microsoft Visual Studio\2017\BuildTools\VC\Tools\MSVC\14.16.27023\bin\HostX86\x86\nmake.exe"  -f CMakeFiles\cmTC_4f96c.dir\build.make /nologo -L                  CMakeFiles\cmTC_4f96c.dir\build
Building C object CMakeFiles/cmTC_4f96c.dir/CMakeCCompilerABI.c.obj
	C:\PROGRA~2\MICROS~4\2017\BUILDT~1\VC\Tools\MSVC\1416~1.270\bin\Hostx86\x86\cl.exe @C:\Users\valen\AppData\Local\Temp\nm12B.tmp
CMakeCCompilerABI.c
Linking C executable cmTC_4f96c.exe
	C:\Users\valen\AppData\Local\JetBrains\Toolbox\apps\CLion\ch-0\202.7319.62\bin\cmake\win\bin\cmake.exe -E vs_link_exe --intdir=CMakeFiles\cmTC_4f96c.dir --rc=C:\PROGRA~2\WI3CF2~1\10\bin\100177~1.0\x86\rc.exe --mt=C:\PROGRA~2\WI3CF2~1\10\bin\100177~1.0\x86\mt.exe --manifests  -- C:\PROGRA~2\MICROS~4\2017\BUILDT~1\VC\Tools\MSVC\1416~1.270\bin\Hostx86\x86\link.exe /nologo @CMakeFiles\cmTC_4f96c.dir\objects1.rsp @C:\Users\valen\AppData\Local\Temp\nm17A.tmp



